  CreateBackground.cpp
c:\users\admin\documents\visual studio 2017\projects\zombiearena\zombiearena\createbackground.cpp(29): warning C4244: 'argument': conversion from 'int' to 'T', possible loss of data
          with
          [
              T=float
          ]
c:\users\admin\documents\visual studio 2017\projects\zombiearena\zombiearena\createbackground.cpp(30): warning C4244: 'argument': conversion from 'int' to 'T', possible loss of data
          with
          [
              T=float
          ]
c:\users\admin\documents\visual studio 2017\projects\zombiearena\zombiearena\createbackground.cpp(31): warning C4244: 'argument': conversion from 'int' to 'T', possible loss of data
          with
          [
              T=float
          ]
c:\users\admin\documents\visual studio 2017\projects\zombiearena\zombiearena\createbackground.cpp(32): warning C4244: 'argument': conversion from 'int' to 'T', possible loss of data
          with
          [
              T=float
          ]
c:\users\admin\documents\visual studio 2017\projects\zombiearena\zombiearena\createbackground.cpp(50): warning C4244: 'argument': conversion from 'int' to 'T', possible loss of data
          with
          [
              T=float
          ]
c:\users\admin\documents\visual studio 2017\projects\zombiearena\zombiearena\createbackground.cpp(51): warning C4244: 'argument': conversion from 'int' to 'T', possible loss of data
          with
          [
              T=float
          ]
c:\users\admin\documents\visual studio 2017\projects\zombiearena\zombiearena\createbackground.cpp(52): warning C4244: 'argument': conversion from 'int' to 'T', possible loss of data
          with
          [
              T=float
          ]
c:\users\admin\documents\visual studio 2017\projects\zombiearena\zombiearena\createbackground.cpp(53): warning C4244: 'argument': conversion from 'int' to 'T', possible loss of data
          with
          [
              T=float
          ]
  ZombieArena.vcxproj -> C:\Users\admin\Documents\Visual Studio 2017\Projects\ZombieArena\Debug\ZombieArena.exe
